<?xml version="1.0" encoding="UTF-8"?>
<testsuite xmlns:xsi="http://www.w3.org/2001/XMLSchema-instance" xsi:noNamespaceSchemaLocation="https://maven.apache.org/surefire/maven-surefire-plugin/xsd/surefire-test-report.xsd" name="com.ecosystem.protobuf.mapper.ProtobufMapperTest" time="2.774" tests="2" errors="0" skipped="0" failures="0">
  <properties>
    <property name="sun.desktop" value="gnome"/>
    <property name="awt.toolkit" value="sun.awt.X11.XToolkit"/>
    <property name="file.encoding.pkg" value="sun.io"/>
    <property name="java.specification.version" value="1.8"/>
    <property name="sun.cpu.isalist" value=""/>
    <property name="sun.jnu.encoding" value="UTF-8"/>
    <property name="java.class.path" value="/home/plucendo/IdeaProjects/ProtobufBrokerCli/target/test-classes:/home/plucendo/IdeaProjects/ProtobufBrokerCli/target/classes:/home/plucendo/software/M2/org/springframework/boot/spring-boot-starter-web/2.3.5.RELEASE/spring-boot-starter-web-2.3.5.RELEASE.jar:/home/plucendo/software/M2/org/springframework/boot/spring-boot-starter/2.3.5.RELEASE/spring-boot-starter-2.3.5.RELEASE.jar:/home/plucendo/software/M2/org/springframework/boot/spring-boot/2.3.5.RELEASE/spring-boot-2.3.5.RELEASE.jar:/home/plucendo/software/M2/org/springframework/boot/spring-boot-autoconfigure/2.3.5.RELEASE/spring-boot-autoconfigure-2.3.5.RELEASE.jar:/home/plucendo/software/M2/org/springframework/boot/spring-boot-starter-logging/2.3.5.RELEASE/spring-boot-starter-logging-2.3.5.RELEASE.jar:/home/plucendo/software/M2/ch/qos/logback/logback-classic/1.2.3/logback-classic-1.2.3.jar:/home/plucendo/software/M2/ch/qos/logback/logback-core/1.2.3/logback-core-1.2.3.jar:/home/plucendo/software/M2/org/apache/logging/log4j/log4j-to-slf4j/2.13.3/log4j-to-slf4j-2.13.3.jar:/home/plucendo/software/M2/org/apache/logging/log4j/log4j-api/2.13.3/log4j-api-2.13.3.jar:/home/plucendo/software/M2/org/slf4j/jul-to-slf4j/1.7.30/jul-to-slf4j-1.7.30.jar:/home/plucendo/software/M2/jakarta/annotation/jakarta.annotation-api/1.3.5/jakarta.annotation-api-1.3.5.jar:/home/plucendo/software/M2/org/yaml/snakeyaml/1.26/snakeyaml-1.26.jar:/home/plucendo/software/M2/org/springframework/boot/spring-boot-starter-json/2.3.5.RELEASE/spring-boot-starter-json-2.3.5.RELEASE.jar:/home/plucendo/software/M2/com/fasterxml/jackson/core/jackson-databind/2.11.3/jackson-databind-2.11.3.jar:/home/plucendo/software/M2/com/fasterxml/jackson/core/jackson-annotations/2.11.3/jackson-annotations-2.11.3.jar:/home/plucendo/software/M2/com/fasterxml/jackson/core/jackson-core/2.11.3/jackson-core-2.11.3.jar:/home/plucendo/software/M2/com/fasterxml/jackson/datatype/jackson-datatype-jdk8/2.11.3/jackson-datatype-jdk8-2.11.3.jar:/home/plucendo/software/M2/com/fasterxml/jackson/datatype/jackson-datatype-jsr310/2.11.3/jackson-datatype-jsr310-2.11.3.jar:/home/plucendo/software/M2/com/fasterxml/jackson/module/jackson-module-parameter-names/2.11.3/jackson-module-parameter-names-2.11.3.jar:/home/plucendo/software/M2/org/springframework/boot/spring-boot-starter-tomcat/2.3.5.RELEASE/spring-boot-starter-tomcat-2.3.5.RELEASE.jar:/home/plucendo/software/M2/org/apache/tomcat/embed/tomcat-embed-core/9.0.39/tomcat-embed-core-9.0.39.jar:/home/plucendo/software/M2/org/glassfish/jakarta.el/3.0.3/jakarta.el-3.0.3.jar:/home/plucendo/software/M2/org/apache/tomcat/embed/tomcat-embed-websocket/9.0.39/tomcat-embed-websocket-9.0.39.jar:/home/plucendo/software/M2/org/springframework/spring-web/5.2.10.RELEASE/spring-web-5.2.10.RELEASE.jar:/home/plucendo/software/M2/org/springframework/spring-beans/5.2.10.RELEASE/spring-beans-5.2.10.RELEASE.jar:/home/plucendo/software/M2/org/springframework/spring-webmvc/5.2.10.RELEASE/spring-webmvc-5.2.10.RELEASE.jar:/home/plucendo/software/M2/org/springframework/spring-aop/5.2.10.RELEASE/spring-aop-5.2.10.RELEASE.jar:/home/plucendo/software/M2/org/springframework/spring-context/5.2.10.RELEASE/spring-context-5.2.10.RELEASE.jar:/home/plucendo/software/M2/org/springframework/spring-expression/5.2.10.RELEASE/spring-expression-5.2.10.RELEASE.jar:/home/plucendo/software/M2/org/springframework/boot/spring-boot-starter-test/2.3.5.RELEASE/spring-boot-starter-test-2.3.5.RELEASE.jar:/home/plucendo/software/M2/org/springframework/boot/spring-boot-test/2.3.5.RELEASE/spring-boot-test-2.3.5.RELEASE.jar:/home/plucendo/software/M2/org/springframework/boot/spring-boot-test-autoconfigure/2.3.5.RELEASE/spring-boot-test-autoconfigure-2.3.5.RELEASE.jar:/home/plucendo/software/M2/com/jayway/jsonpath/json-path/2.4.0/json-path-2.4.0.jar:/home/plucendo/software/M2/net/minidev/json-smart/2.3/json-smart-2.3.jar:/home/plucendo/software/M2/net/minidev/accessors-smart/1.2/accessors-smart-1.2.jar:/home/plucendo/software/M2/org/ow2/asm/asm/5.0.4/asm-5.0.4.jar:/home/plucendo/software/M2/org/slf4j/slf4j-api/1.7.30/slf4j-api-1.7.30.jar:/home/plucendo/software/M2/jakarta/xml/bind/jakarta.xml.bind-api/2.3.3/jakarta.xml.bind-api-2.3.3.jar:/home/plucendo/software/M2/jakarta/activation/jakarta.activation-api/1.2.2/jakarta.activation-api-1.2.2.jar:/home/plucendo/software/M2/org/assertj/assertj-core/3.16.1/assertj-core-3.16.1.jar:/home/plucendo/software/M2/org/hamcrest/hamcrest/2.2/hamcrest-2.2.jar:/home/plucendo/software/M2/org/junit/jupiter/junit-jupiter/5.6.3/junit-jupiter-5.6.3.jar:/home/plucendo/software/M2/org/junit/jupiter/junit-jupiter-api/5.6.3/junit-jupiter-api-5.6.3.jar:/home/plucendo/software/M2/org/apiguardian/apiguardian-api/1.1.0/apiguardian-api-1.1.0.jar:/home/plucendo/software/M2/org/opentest4j/opentest4j/1.2.0/opentest4j-1.2.0.jar:/home/plucendo/software/M2/org/junit/platform/junit-platform-commons/1.6.3/junit-platform-commons-1.6.3.jar:/home/plucendo/software/M2/org/junit/jupiter/junit-jupiter-params/5.6.3/junit-jupiter-params-5.6.3.jar:/home/plucendo/software/M2/org/junit/jupiter/junit-jupiter-engine/5.6.3/junit-jupiter-engine-5.6.3.jar:/home/plucendo/software/M2/org/junit/platform/junit-platform-engine/1.6.3/junit-platform-engine-1.6.3.jar:/home/plucendo/software/M2/org/mockito/mockito-core/3.3.3/mockito-core-3.3.3.jar:/home/plucendo/software/M2/net/bytebuddy/byte-buddy/1.10.17/byte-buddy-1.10.17.jar:/home/plucendo/software/M2/net/bytebuddy/byte-buddy-agent/1.10.17/byte-buddy-agent-1.10.17.jar:/home/plucendo/software/M2/org/objenesis/objenesis/2.6/objenesis-2.6.jar:/home/plucendo/software/M2/org/mockito/mockito-junit-jupiter/3.3.3/mockito-junit-jupiter-3.3.3.jar:/home/plucendo/software/M2/org/skyscreamer/jsonassert/1.5.0/jsonassert-1.5.0.jar:/home/plucendo/software/M2/com/vaadin/external/google/android-json/0.0.20131108.vaadin1/android-json-0.0.20131108.vaadin1.jar:/home/plucendo/software/M2/org/springframework/spring-core/5.2.10.RELEASE/spring-core-5.2.10.RELEASE.jar:/home/plucendo/software/M2/org/springframework/spring-jcl/5.2.10.RELEASE/spring-jcl-5.2.10.RELEASE.jar:/home/plucendo/software/M2/org/springframework/spring-test/5.2.10.RELEASE/spring-test-5.2.10.RELEASE.jar:/home/plucendo/software/M2/org/xmlunit/xmlunit-core/2.7.0/xmlunit-core-2.7.0.jar:/home/plucendo/software/M2/org/springframework/boot/spring-boot-starter-amqp/2.3.5.RELEASE/spring-boot-starter-amqp-2.3.5.RELEASE.jar:/home/plucendo/software/M2/org/springframework/spring-messaging/5.2.10.RELEASE/spring-messaging-5.2.10.RELEASE.jar:/home/plucendo/software/M2/org/springframework/amqp/spring-rabbit/2.2.12.RELEASE/spring-rabbit-2.2.12.RELEASE.jar:/home/plucendo/software/M2/com/rabbitmq/amqp-client/5.9.0/amqp-client-5.9.0.jar:/home/plucendo/software/M2/org/springframework/amqp/spring-amqp/2.2.12.RELEASE/spring-amqp-2.2.12.RELEASE.jar:/home/plucendo/software/M2/org/springframework/retry/spring-retry/1.2.5.RELEASE/spring-retry-1.2.5.RELEASE.jar:/home/plucendo/software/M2/org/springframework/spring-tx/5.2.10.RELEASE/spring-tx-5.2.10.RELEASE.jar:/home/plucendo/software/M2/info/picocli/picocli/4.5.2/picocli-4.5.2.jar:/home/plucendo/software/M2/com/google/protobuf/protobuf-java/3.13.0/protobuf-java-3.13.0.jar:/home/plucendo/software/M2/com/google/protobuf/protobuf-java-util/3.13.0/protobuf-java-util-3.13.0.jar:/home/plucendo/software/M2/com/google/guava/guava/29.0-android/guava-29.0-android.jar:/home/plucendo/software/M2/com/google/guava/failureaccess/1.0.1/failureaccess-1.0.1.jar:/home/plucendo/software/M2/com/google/guava/listenablefuture/9999.0-empty-to-avoid-conflict-with-guava/listenablefuture-9999.0-empty-to-avoid-conflict-with-guava.jar:/home/plucendo/software/M2/com/google/code/findbugs/jsr305/3.0.2/jsr305-3.0.2.jar:/home/plucendo/software/M2/org/checkerframework/checker-compat-qual/2.5.5/checker-compat-qual-2.5.5.jar:/home/plucendo/software/M2/com/google/j2objc/j2objc-annotations/1.3/j2objc-annotations-1.3.jar:/home/plucendo/software/M2/com/google/errorprone/error_prone_annotations/2.3.4/error_prone_annotations-2.3.4.jar:/home/plucendo/software/M2/com/google/code/gson/gson/2.8.6/gson-2.8.6.jar:"/>
    <property name="java.vm.vendor" value="Oracle Corporation"/>
    <property name="sun.arch.data.model" value="64"/>
    <property name="java.vendor.url" value="http://java.oracle.com/"/>
    <property name="user.timezone" value=""/>
    <property name="java.vm.specification.version" value="1.8"/>
    <property name="os.name" value="Linux"/>
    <property name="user.country" value="US"/>
    <property name="sun.java.launcher" value="SUN_STANDARD"/>
    <property name="sun.boot.library.path" value="/usr/local/java/jdk1.8.0_241/jre/lib/amd64"/>
    <property name="sun.java.command" value="/home/plucendo/IdeaProjects/ProtobufBrokerCli/target/surefire/surefirebooter5920954589360880209.jar /home/plucendo/IdeaProjects/ProtobufBrokerCli/target/surefire 2020-11-14T11-28-33_669-jvmRun1 surefire7616828973039119731tmp surefire_08210727144454254836tmp"/>
    <property name="surefire.test.class.path" value="/home/plucendo/IdeaProjects/ProtobufBrokerCli/target/test-classes:/home/plucendo/IdeaProjects/ProtobufBrokerCli/target/classes:/home/plucendo/software/M2/org/springframework/boot/spring-boot-starter-web/2.3.5.RELEASE/spring-boot-starter-web-2.3.5.RELEASE.jar:/home/plucendo/software/M2/org/springframework/boot/spring-boot-starter/2.3.5.RELEASE/spring-boot-starter-2.3.5.RELEASE.jar:/home/plucendo/software/M2/org/springframework/boot/spring-boot/2.3.5.RELEASE/spring-boot-2.3.5.RELEASE.jar:/home/plucendo/software/M2/org/springframework/boot/spring-boot-autoconfigure/2.3.5.RELEASE/spring-boot-autoconfigure-2.3.5.RELEASE.jar:/home/plucendo/software/M2/org/springframework/boot/spring-boot-starter-logging/2.3.5.RELEASE/spring-boot-starter-logging-2.3.5.RELEASE.jar:/home/plucendo/software/M2/ch/qos/logback/logback-classic/1.2.3/logback-classic-1.2.3.jar:/home/plucendo/software/M2/ch/qos/logback/logback-core/1.2.3/logback-core-1.2.3.jar:/home/plucendo/software/M2/org/apache/logging/log4j/log4j-to-slf4j/2.13.3/log4j-to-slf4j-2.13.3.jar:/home/plucendo/software/M2/org/apache/logging/log4j/log4j-api/2.13.3/log4j-api-2.13.3.jar:/home/plucendo/software/M2/org/slf4j/jul-to-slf4j/1.7.30/jul-to-slf4j-1.7.30.jar:/home/plucendo/software/M2/jakarta/annotation/jakarta.annotation-api/1.3.5/jakarta.annotation-api-1.3.5.jar:/home/plucendo/software/M2/org/yaml/snakeyaml/1.26/snakeyaml-1.26.jar:/home/plucendo/software/M2/org/springframework/boot/spring-boot-starter-json/2.3.5.RELEASE/spring-boot-starter-json-2.3.5.RELEASE.jar:/home/plucendo/software/M2/com/fasterxml/jackson/core/jackson-databind/2.11.3/jackson-databind-2.11.3.jar:/home/plucendo/software/M2/com/fasterxml/jackson/core/jackson-annotations/2.11.3/jackson-annotations-2.11.3.jar:/home/plucendo/software/M2/com/fasterxml/jackson/core/jackson-core/2.11.3/jackson-core-2.11.3.jar:/home/plucendo/software/M2/com/fasterxml/jackson/datatype/jackson-datatype-jdk8/2.11.3/jackson-datatype-jdk8-2.11.3.jar:/home/plucendo/software/M2/com/fasterxml/jackson/datatype/jackson-datatype-jsr310/2.11.3/jackson-datatype-jsr310-2.11.3.jar:/home/plucendo/software/M2/com/fasterxml/jackson/module/jackson-module-parameter-names/2.11.3/jackson-module-parameter-names-2.11.3.jar:/home/plucendo/software/M2/org/springframework/boot/spring-boot-starter-tomcat/2.3.5.RELEASE/spring-boot-starter-tomcat-2.3.5.RELEASE.jar:/home/plucendo/software/M2/org/apache/tomcat/embed/tomcat-embed-core/9.0.39/tomcat-embed-core-9.0.39.jar:/home/plucendo/software/M2/org/glassfish/jakarta.el/3.0.3/jakarta.el-3.0.3.jar:/home/plucendo/software/M2/org/apache/tomcat/embed/tomcat-embed-websocket/9.0.39/tomcat-embed-websocket-9.0.39.jar:/home/plucendo/software/M2/org/springframework/spring-web/5.2.10.RELEASE/spring-web-5.2.10.RELEASE.jar:/home/plucendo/software/M2/org/springframework/spring-beans/5.2.10.RELEASE/spring-beans-5.2.10.RELEASE.jar:/home/plucendo/software/M2/org/springframework/spring-webmvc/5.2.10.RELEASE/spring-webmvc-5.2.10.RELEASE.jar:/home/plucendo/software/M2/org/springframework/spring-aop/5.2.10.RELEASE/spring-aop-5.2.10.RELEASE.jar:/home/plucendo/software/M2/org/springframework/spring-context/5.2.10.RELEASE/spring-context-5.2.10.RELEASE.jar:/home/plucendo/software/M2/org/springframework/spring-expression/5.2.10.RELEASE/spring-expression-5.2.10.RELEASE.jar:/home/plucendo/software/M2/org/springframework/boot/spring-boot-starter-test/2.3.5.RELEASE/spring-boot-starter-test-2.3.5.RELEASE.jar:/home/plucendo/software/M2/org/springframework/boot/spring-boot-test/2.3.5.RELEASE/spring-boot-test-2.3.5.RELEASE.jar:/home/plucendo/software/M2/org/springframework/boot/spring-boot-test-autoconfigure/2.3.5.RELEASE/spring-boot-test-autoconfigure-2.3.5.RELEASE.jar:/home/plucendo/software/M2/com/jayway/jsonpath/json-path/2.4.0/json-path-2.4.0.jar:/home/plucendo/software/M2/net/minidev/json-smart/2.3/json-smart-2.3.jar:/home/plucendo/software/M2/net/minidev/accessors-smart/1.2/accessors-smart-1.2.jar:/home/plucendo/software/M2/org/ow2/asm/asm/5.0.4/asm-5.0.4.jar:/home/plucendo/software/M2/org/slf4j/slf4j-api/1.7.30/slf4j-api-1.7.30.jar:/home/plucendo/software/M2/jakarta/xml/bind/jakarta.xml.bind-api/2.3.3/jakarta.xml.bind-api-2.3.3.jar:/home/plucendo/software/M2/jakarta/activation/jakarta.activation-api/1.2.2/jakarta.activation-api-1.2.2.jar:/home/plucendo/software/M2/org/assertj/assertj-core/3.16.1/assertj-core-3.16.1.jar:/home/plucendo/software/M2/org/hamcrest/hamcrest/2.2/hamcrest-2.2.jar:/home/plucendo/software/M2/org/junit/jupiter/junit-jupiter/5.6.3/junit-jupiter-5.6.3.jar:/home/plucendo/software/M2/org/junit/jupiter/junit-jupiter-api/5.6.3/junit-jupiter-api-5.6.3.jar:/home/plucendo/software/M2/org/apiguardian/apiguardian-api/1.1.0/apiguardian-api-1.1.0.jar:/home/plucendo/software/M2/org/opentest4j/opentest4j/1.2.0/opentest4j-1.2.0.jar:/home/plucendo/software/M2/org/junit/platform/junit-platform-commons/1.6.3/junit-platform-commons-1.6.3.jar:/home/plucendo/software/M2/org/junit/jupiter/junit-jupiter-params/5.6.3/junit-jupiter-params-5.6.3.jar:/home/plucendo/software/M2/org/junit/jupiter/junit-jupiter-engine/5.6.3/junit-jupiter-engine-5.6.3.jar:/home/plucendo/software/M2/org/junit/platform/junit-platform-engine/1.6.3/junit-platform-engine-1.6.3.jar:/home/plucendo/software/M2/org/mockito/mockito-core/3.3.3/mockito-core-3.3.3.jar:/home/plucendo/software/M2/net/bytebuddy/byte-buddy/1.10.17/byte-buddy-1.10.17.jar:/home/plucendo/software/M2/net/bytebuddy/byte-buddy-agent/1.10.17/byte-buddy-agent-1.10.17.jar:/home/plucendo/software/M2/org/objenesis/objenesis/2.6/objenesis-2.6.jar:/home/plucendo/software/M2/org/mockito/mockito-junit-jupiter/3.3.3/mockito-junit-jupiter-3.3.3.jar:/home/plucendo/software/M2/org/skyscreamer/jsonassert/1.5.0/jsonassert-1.5.0.jar:/home/plucendo/software/M2/com/vaadin/external/google/android-json/0.0.20131108.vaadin1/android-json-0.0.20131108.vaadin1.jar:/home/plucendo/software/M2/org/springframework/spring-core/5.2.10.RELEASE/spring-core-5.2.10.RELEASE.jar:/home/plucendo/software/M2/org/springframework/spring-jcl/5.2.10.RELEASE/spring-jcl-5.2.10.RELEASE.jar:/home/plucendo/software/M2/org/springframework/spring-test/5.2.10.RELEASE/spring-test-5.2.10.RELEASE.jar:/home/plucendo/software/M2/org/xmlunit/xmlunit-core/2.7.0/xmlunit-core-2.7.0.jar:/home/plucendo/software/M2/org/springframework/boot/spring-boot-starter-amqp/2.3.5.RELEASE/spring-boot-starter-amqp-2.3.5.RELEASE.jar:/home/plucendo/software/M2/org/springframework/spring-messaging/5.2.10.RELEASE/spring-messaging-5.2.10.RELEASE.jar:/home/plucendo/software/M2/org/springframework/amqp/spring-rabbit/2.2.12.RELEASE/spring-rabbit-2.2.12.RELEASE.jar:/home/plucendo/software/M2/com/rabbitmq/amqp-client/5.9.0/amqp-client-5.9.0.jar:/home/plucendo/software/M2/org/springframework/amqp/spring-amqp/2.2.12.RELEASE/spring-amqp-2.2.12.RELEASE.jar:/home/plucendo/software/M2/org/springframework/retry/spring-retry/1.2.5.RELEASE/spring-retry-1.2.5.RELEASE.jar:/home/plucendo/software/M2/org/springframework/spring-tx/5.2.10.RELEASE/spring-tx-5.2.10.RELEASE.jar:/home/plucendo/software/M2/info/picocli/picocli/4.5.2/picocli-4.5.2.jar:/home/plucendo/software/M2/com/google/protobuf/protobuf-java/3.13.0/protobuf-java-3.13.0.jar:/home/plucendo/software/M2/com/google/protobuf/protobuf-java-util/3.13.0/protobuf-java-util-3.13.0.jar:/home/plucendo/software/M2/com/google/guava/guava/29.0-android/guava-29.0-android.jar:/home/plucendo/software/M2/com/google/guava/failureaccess/1.0.1/failureaccess-1.0.1.jar:/home/plucendo/software/M2/com/google/guava/listenablefuture/9999.0-empty-to-avoid-conflict-with-guava/listenablefuture-9999.0-empty-to-avoid-conflict-with-guava.jar:/home/plucendo/software/M2/com/google/code/findbugs/jsr305/3.0.2/jsr305-3.0.2.jar:/home/plucendo/software/M2/org/checkerframework/checker-compat-qual/2.5.5/checker-compat-qual-2.5.5.jar:/home/plucendo/software/M2/com/google/j2objc/j2objc-annotations/1.3/j2objc-annotations-1.3.jar:/home/plucendo/software/M2/com/google/errorprone/error_prone_annotations/2.3.4/error_prone_annotations-2.3.4.jar:/home/plucendo/software/M2/com/google/code/gson/gson/2.8.6/gson-2.8.6.jar:"/>
    <property name="sun.cpu.endian" value="little"/>
    <property name="user.home" value="/home/plucendo"/>
    <property name="user.language" value="en"/>
    <property name="java.specification.vendor" value="Oracle Corporation"/>
    <property name="java.home" value="/usr/local/java/jdk1.8.0_241/jre"/>
    <property name="basedir" value="/home/plucendo/IdeaProjects/ProtobufBrokerCli"/>
    <property name="file.separator" value="/"/>
    <property name="line.separator" value="&#10;"/>
    <property name="java.vm.specification.vendor" value="Oracle Corporation"/>
    <property name="java.specification.name" value="Java Platform API Specification"/>
    <property name="java.awt.graphicsenv" value="sun.awt.X11GraphicsEnvironment"/>
    <property name="surefire.real.class.path" value="/home/plucendo/IdeaProjects/ProtobufBrokerCli/target/surefire/surefirebooter5920954589360880209.jar"/>
    <property name="sun.boot.class.path" value="/usr/local/java/jdk1.8.0_241/jre/lib/resources.jar:/usr/local/java/jdk1.8.0_241/jre/lib/rt.jar:/usr/local/java/jdk1.8.0_241/jre/lib/sunrsasign.jar:/usr/local/java/jdk1.8.0_241/jre/lib/jsse.jar:/usr/local/java/jdk1.8.0_241/jre/lib/jce.jar:/usr/local/java/jdk1.8.0_241/jre/lib/charsets.jar:/usr/local/java/jdk1.8.0_241/jre/lib/jfr.jar:/usr/local/java/jdk1.8.0_241/jre/classes"/>
    <property name="sun.management.compiler" value="HotSpot 64-Bit Tiered Compilers"/>
    <property name="java.runtime.version" value="1.8.0_241-b07"/>
    <property name="user.name" value="plucendo"/>
    <property name="path.separator" value=":"/>
    <property name="os.version" value="5.3.0-64-generic"/>
    <property name="java.endorsed.dirs" value="/usr/local/java/jdk1.8.0_241/jre/lib/endorsed"/>
    <property name="java.runtime.name" value="Java(TM) SE Runtime Environment"/>
    <property name="file.encoding" value="UTF-8"/>
    <property name="java.vm.name" value="Java HotSpot(TM) 64-Bit Server VM"/>
    <property name="localRepository" value="/home/plucendo/software/M2"/>
    <property name="java.vendor.url.bug" value="http://bugreport.sun.com/bugreport/"/>
    <property name="java.io.tmpdir" value="/tmp"/>
    <property name="java.version" value="1.8.0_241"/>
    <property name="user.dir" value="/home/plucendo/IdeaProjects/ProtobufBrokerCli"/>
    <property name="os.arch" value="amd64"/>
    <property name="java.vm.specification.name" value="Java Virtual Machine Specification"/>
    <property name="java.awt.printerjob" value="sun.print.PSPrinterJob"/>
    <property name="sun.os.patch.level" value="unknown"/>
    <property name="java.library.path" value="/usr/java/packages/lib/amd64:/usr/lib64:/lib64:/lib:/usr/lib"/>
    <property name="java.vm.info" value="mixed mode"/>
    <property name="java.vendor" value="Oracle Corporation"/>
    <property name="java.vm.version" value="25.241-b07"/>
    <property name="java.ext.dirs" value="/usr/local/java/jdk1.8.0_241/jre/lib/ext:/usr/java/packages/lib/ext"/>
    <property name="sun.io.unicode.encoding" value="UnicodeLittle"/>
    <property name="java.class.version" value="52.0"/>
  </properties>
  <testcase name="mapJSONToProtobug" classname="com.ecosystem.protobuf.mapper.ProtobufMapperTest" time="0.268"/>
  <testcase name="mapFromProtobufToJSON" classname="com.ecosystem.protobuf.mapper.ProtobufMapperTest" time="0.009"/>
</testsuite>